<?xml version="1.0" encoding="UTF-8"?>
<testsuites>
  <testsuite name="" tests="19" assertions="69" errors="0" failures="0" skipped="0" time="0.352105">
    <testsuite name="Unit" tests="19" assertions="69" errors="0" failures="0" skipped="0" time="0.352105">
      <testsuite name="Tests\Unit\GammaMatrix\Playground\Blade\View\Components\Forms\Column\ComponentTest" file="/app/tests/Unit/View/Components/Forms/Column/ComponentTest.php" tests="5" assertions="23" errors="0" failures="0" skipped="0" time="0.204106">
        <testcase name="test_component_instance" file="/app/tests/Unit/View/Components/Forms/Column/ComponentTest.php" line="33" class="Tests\Unit\GammaMatrix\Playground\Blade\View\Components\Forms\Column\ComponentTest" classname="Tests.Unit.GammaMatrix.Playground.Blade.View.Components.Forms.Column.ComponentTest" assertions="2" time="0.154957"/>
        <testcase name="test_component_can_render_view_without_parameters" file="/app/tests/Unit/View/Components/Forms/Column/ComponentTest.php" line="41" class="Tests\Unit\GammaMatrix\Playground\Blade\View\Components\Forms\Column\ComponentTest" classname="Tests.Unit.GammaMatrix.Playground.Blade.View.Components.Forms.Column.ComponentTest" assertions="2" time="0.022732"/>
        <testcase name="test_component_can_render_view_without_label_on_title_column" file="/app/tests/Unit/View/Components/Forms/Column/ComponentTest.php" line="52" class="Tests\Unit\GammaMatrix\Playground\Blade\View\Components\Forms\Column\ComponentTest" classname="Tests.Unit.GammaMatrix.Playground.Blade.View.Components.Forms.Column.ComponentTest" assertions="5" time="0.008465"/>
        <testcase name="test_component_can_render_view_with_label_on_title_column" file="/app/tests/Unit/View/Components/Forms/Column/ComponentTest.php" line="69" class="Tests\Unit\GammaMatrix\Playground\Blade\View\Components\Forms\Column\ComponentTest" classname="Tests.Unit.GammaMatrix.Playground.Blade.View.Components.Forms.Column.ComponentTest" assertions="6" time="0.009467"/>
        <testcase name="test_component_can_render_view_with_label_on_title_column_with_error" file="/app/tests/Unit/View/Components/Forms/Column/ComponentTest.php" line="89" class="Tests\Unit\GammaMatrix\Playground\Blade\View\Components\Forms\Column\ComponentTest" classname="Tests.Unit.GammaMatrix.Playground.Blade.View.Components.Forms.Column.ComponentTest" assertions="8" time="0.008485"/>
      </testsuite>
      <testsuite name="Tests\Unit\GammaMatrix\Playground\Blade\View\Components\Forms\ColumnEditor\ComponentTest" file="/app/tests/Unit/View/Components/Forms/ColumnEditor/ComponentTest.php" tests="4" assertions="19" errors="0" failures="0" skipped="0" time="0.036745">
        <testcase name="test_component_instance" file="/app/tests/Unit/View/Components/Forms/ColumnEditor/ComponentTest.php" line="33" class="Tests\Unit\GammaMatrix\Playground\Blade\View\Components\Forms\ColumnEditor\ComponentTest" classname="Tests.Unit.GammaMatrix.Playground.Blade.View.Components.Forms.ColumnEditor.ComponentTest" assertions="2" time="0.009528"/>
        <testcase name="test_component_can_render_view_without_parameters" file="/app/tests/Unit/View/Components/Forms/ColumnEditor/ComponentTest.php" line="41" class="Tests\Unit\GammaMatrix\Playground\Blade\View\Components\Forms\ColumnEditor\ComponentTest" classname="Tests.Unit.GammaMatrix.Playground.Blade.View.Components.Forms.ColumnEditor.ComponentTest" assertions="3" time="0.011170"/>
        <testcase name="test_component_can_render_view_with_content_textarea" file="/app/tests/Unit/View/Components/Forms/ColumnEditor/ComponentTest.php" line="49" class="Tests\Unit\GammaMatrix\Playground\Blade\View\Components\Forms\ColumnEditor\ComponentTest" classname="Tests.Unit.GammaMatrix.Playground.Blade.View.Components.Forms.ColumnEditor.ComponentTest" assertions="7" time="0.008118"/>
        <testcase name="test_component_can_render_view_with_content_textarea_and_described" file="/app/tests/Unit/View/Components/Forms/ColumnEditor/ComponentTest.php" line="68" class="Tests\Unit\GammaMatrix\Playground\Blade\View\Components\Forms\ColumnEditor\ComponentTest" classname="Tests.Unit.GammaMatrix.Playground.Blade.View.Components.Forms.ColumnEditor.ComponentTest" assertions="7" time="0.007929"/>
      </testsuite>
      <testsuite name="Tests\Unit\GammaMatrix\Playground\Blade\View\Components\Forms\ColumnSelect\ComponentTest" file="/app/tests/Unit/View/Components/Forms/ColumnSelect/ComponentTest.php" tests="3" assertions="9" errors="0" failures="0" skipped="0" time="0.035498">
        <testcase name="test_component_instance" file="/app/tests/Unit/View/Components/Forms/ColumnSelect/ComponentTest.php" line="33" class="Tests\Unit\GammaMatrix\Playground\Blade\View\Components\Forms\ColumnSelect\ComponentTest" classname="Tests.Unit.GammaMatrix.Playground.Blade.View.Components.Forms.ColumnSelect.ComponentTest" assertions="2" time="0.011044"/>
        <testcase name="test_component_can_render_view_without_parameters" file="/app/tests/Unit/View/Components/Forms/ColumnSelect/ComponentTest.php" line="41" class="Tests\Unit\GammaMatrix\Playground\Blade\View\Components\Forms\ColumnSelect\ComponentTest" classname="Tests.Unit.GammaMatrix.Playground.Blade.View.Components.Forms.ColumnSelect.ComponentTest" assertions="3" time="0.015851"/>
        <testcase name="test_component_can_render_view_with_select" file="/app/tests/Unit/View/Components/Forms/ColumnSelect/ComponentTest.php" line="49" class="Tests\Unit\GammaMatrix\Playground\Blade\View\Components\Forms\ColumnSelect\ComponentTest" classname="Tests.Unit.GammaMatrix.Playground.Blade.View.Components.Forms.ColumnSelect.ComponentTest" assertions="4" time="0.008603"/>
      </testsuite>
      <testsuite name="Tests\Unit\GammaMatrix\Playground\Blade\View\Components\ModelFlag\ComponentTest" file="/app/tests/Unit/View/Components/ModelFlag/ComponentTest.php" tests="5" assertions="15" errors="0" failures="0" skipped="0" time="0.042716">
        <testcase name="test_component_instance" file="/app/tests/Unit/View/Components/ModelFlag/ComponentTest.php" line="33" class="Tests\Unit\GammaMatrix\Playground\Blade\View\Components\ModelFlag\ComponentTest" classname="Tests.Unit.GammaMatrix.Playground.Blade.View.Components.ModelFlag.ComponentTest" assertions="2" time="0.008733"/>
        <testcase name="test_component_renders_empty_view_without_labels_or_classes" file="/app/tests/Unit/View/Components/ModelFlag/ComponentTest.php" line="43" class="Tests\Unit\GammaMatrix\Playground\Blade\View\Components\ModelFlag\ComponentTest" classname="Tests.Unit.GammaMatrix.Playground.Blade.View.Components.ModelFlag.ComponentTest" assertions="1" time="0.010141"/>
        <testcase name="test_component_can_render_view_with_true_value" file="/app/tests/Unit/View/Components/ModelFlag/ComponentTest.php" line="59" class="Tests\Unit\GammaMatrix\Playground\Blade\View\Components\ModelFlag\ComponentTest" classname="Tests.Unit.GammaMatrix.Playground.Blade.View.Components.ModelFlag.ComponentTest" assertions="4" time="0.008068"/>
        <testcase name="test_component_can_render_view_with_false_value" file="/app/tests/Unit/View/Components/ModelFlag/ComponentTest.php" line="78" class="Tests\Unit\GammaMatrix\Playground\Blade\View\Components\ModelFlag\ComponentTest" classname="Tests.Unit.GammaMatrix.Playground.Blade.View.Components.ModelFlag.ComponentTest" assertions="4" time="0.007908"/>
        <testcase name="test_component_can_render_view_with_null_value" file="/app/tests/Unit/View/Components/ModelFlag/ComponentTest.php" line="97" class="Tests\Unit\GammaMatrix\Playground\Blade\View\Components\ModelFlag\ComponentTest" classname="Tests.Unit.GammaMatrix.Playground.Blade.View.Components.ModelFlag.ComponentTest" assertions="4" time="0.007865"/>
      </testsuite>
      <testsuite name="Tests\Unit\GammaMatrix\Playground\Blade\View\Components\Table\Data\ComponentTest" file="/app/tests/Unit/View/Components/Table/Data/ComponentTest.php" tests="2" assertions="3" errors="0" failures="0" skipped="0" time="0.033041">
        <testcase name="test_component_instance" file="/app/tests/Unit/View/Components/Table/Data/ComponentTest.php" line="33" class="Tests\Unit\GammaMatrix\Playground\Blade\View\Components\Table\Data\ComponentTest" classname="Tests.Unit.GammaMatrix.Playground.Blade.View.Components.Table.Data.ComponentTest" assertions="2" time="0.013867"/>
        <testcase name="test_component_can_render_view" file="/app/tests/Unit/View/Components/Table/Data/ComponentTest.php" line="41" class="Tests\Unit\GammaMatrix\Playground\Blade\View\Components\Table\Data\ComponentTest" classname="Tests.Unit.GammaMatrix.Playground.Blade.View.Components.Table.Data.ComponentTest" assertions="1" time="0.019174"/>
      </testsuite>
    </testsuite>
  </testsuite>
</testsuites>
